<?xml version="1.0" encoding="UTF-8"?>
<testsuite xmlns:xsi="http://www.w3.org/2001/XMLSchema-instance" xsi:noNamespaceSchemaLocation="https://maven.apache.org/surefire/maven-surefire-plugin/xsd/surefire-test-report.xsd" name="TestSuite" time="64.873" tests="7" errors="0" skipped="0" failures="1">
  <properties>
[...]
</properties>
  <testcase name="handlingAlert on handlingAlert(SampleTestNGTest)" classname="SampleTestNGTest" time="15.65"/>
  <testcase name="registerUserOnDemoQa on registerUserOnDemoQa(SampleTestNGTest)" classname="SampleTestNGTest" time="44.155">
    <failure message="element click intercepted: Element &lt;input autocapitalize=&quot;none&quot; autocomplete=&quot;off&quot; autocorrect=&quot;off&quot; id=&quot;subjectsInput&quot; spellcheck=&quot;false&quot; tabindex=&quot;0&quot; type=&quot;text&quot; aria-autocomplete=&quot;list&quot; value=&quot;Computer Science&quot; style=&quot;box-sizing: content-box; width: 134px; background: 0px center; border: 0px; font-size: inherit; opacity: 1; outline: 0px; padding: 0px; color: inherit;&quot;&gt; is not clickable at point (414, 776). Other element would receive the click: &lt;iframe frameborder=&quot;0&quot; src=&quot;https://4a2b00b367ef77dc9f7d23e6913fb30e.safeframe.googlesyndication.com/safeframe/1-0-40/html/container.html&quot; id=&quot;google_ads_iframe_/21849154601,22343295815/Ad.Plus-Anchor_0&quot; title=&quot;3rd party ad content&quot; name=&quot;&quot; scrolling=&quot;no&quot; marginwidth=&quot;0&quot; marginheight=&quot;0&quot; width=&quot;728&quot; height=&quot;90&quot; data-is-safeframe=&quot;true&quot; sandbox=&quot;allow-forms allow-popups allow-popups-to-escape-sandbox allow-same-origin allow-scripts allow-top-navigation-by-user-activation&quot; aria-label=&quot;Advertisement&quot; tabindex=&quot;0&quot; data-google-container-id=&quot;1&quot; style=&quot;border: 0px; vertical-align: bottom;&quot; data-load-complete=&quot;true&quot;&gt;&lt;/iframe&gt;&#10;  (Session info: chrome=122.0.6261.94)&#10;Build info: version: &apos;4.16.1&apos;, revision: &apos;9b4c83354e&apos;&#10;System info: os.name: &apos;Linux&apos;, os.arch: &apos;amd64&apos;, os.version: &apos;6.5.0-21-generic&apos;, java.version: &apos;21.0.2&apos;&#10;Driver info: org.openqa.selenium.chrome.ChromeDriver&#10;Command: [7a1a35f75e688dd767a36309339324e2, clickElement {id=f.9FBE386D4EA30EAE22EA179DF2EA98E8.d.F01C1C4B83D3BFC10128EB9275285072.e.20}]&#10;Capabilities {acceptInsecureCerts: false, browserName: chrome, browserVersion: 122.0.6261.94, chrome: {chromedriverVersion: 122.0.6261.111 (9d4c1072da6..., userDataDir: /tmp/.org.chromium.Chromium...}, fedcm:accounts: true, goog:chromeOptions: {debuggerAddress: localhost:44389}, networkConnectionEnabled: false, pageLoadStrategy: normal, platformName: linux, proxy: Proxy(), se:cdp: ws://localhost:44389/devtoo..., se:cdpVersion: 122.0.6261.94, setWindowRect: true, strictFileInteractability: false, timeouts: {implicit: 0, pageLoad: 300000, script: 30000}, unhandledPromptBehavior: dismiss and notify, webauthn:extension:credBlob: true, webauthn:extension:largeBlob: true, webauthn:extension:minPinLength: true, webauthn:extension:prf: true, webauthn:virtualAuthenticators: true}&#10;Element: [[ChromeDriver: chrome on linux (7a1a35f75e688dd767a36309339324e2)] -&gt; id: subjectsInput]&#10;Session ID: 7a1a35f75e688dd767a36309339324e2" type="org.openqa.selenium.ElementClickInterceptedException"><![CDATA[org.openqa.selenium.ElementClickInterceptedException: 
element click intercepted: Element <input autocapitalize="none" autocomplete="off" autocorrect="off" id="subjectsInput" spellcheck="false" tabindex="0" type="text" aria-autocomplete="list" value="Computer Science" style="box-sizing: content-box; width: 134px; background: 0px center; border: 0px; font-size: inherit; opacity: 1; outline: 0px; padding: 0px; color: inherit;"> is not clickable at point (414, 776). Other element would receive the click: <iframe frameborder="0" src="https://4a2b00b367ef77dc9f7d23e6913fb30e.safeframe.googlesyndication.com/safeframe/1-0-40/html/container.html" id="google_ads_iframe_/21849154601,22343295815/Ad.Plus-Anchor_0" title="3rd party ad content" name="" scrolling="no" marginwidth="0" marginheight="0" width="728" height="90" data-is-safeframe="true" sandbox="allow-forms allow-popups allow-popups-to-escape-sandbox allow-same-origin allow-scripts allow-top-navigation-by-user-activation" aria-label="Advertisement" tabindex="0" data-google-container-id="1" style="border: 0px; vertical-align: bottom;" data-load-complete="true"></iframe>
  (Session info: chrome=122.0.6261.94)
Build info: version: '4.16.1', revision: '9b4c83354e'
System info: os.name: 'Linux', os.arch: 'amd64', os.version: '6.5.0-21-generic', java.version: '21.0.2'
Driver info: org.openqa.selenium.chrome.ChromeDriver
Command: [7a1a35f75e688dd767a36309339324e2, clickElement {id=f.9FBE386D4EA30EAE22EA179DF2EA98E8.d.F01C1C4B83D3BFC10128EB9275285072.e.20}]
Capabilities {acceptInsecureCerts: false, browserName: chrome, browserVersion: 122.0.6261.94, chrome: {chromedriverVersion: 122.0.6261.111 (9d4c1072da6..., userDataDir: /tmp/.org.chromium.Chromium...}, fedcm:accounts: true, goog:chromeOptions: {debuggerAddress: localhost:44389}, networkConnectionEnabled: false, pageLoadStrategy: normal, platformName: linux, proxy: Proxy(), se:cdp: ws://localhost:44389/devtoo..., se:cdpVersion: 122.0.6261.94, setWindowRect: true, strictFileInteractability: false, timeouts: {implicit: 0, pageLoad: 300000, script: 30000}, unhandledPromptBehavior: dismiss and notify, webauthn:extension:credBlob: true, webauthn:extension:largeBlob: true, webauthn:extension:minPinLength: true, webauthn:extension:prf: true, webauthn:virtualAuthenticators: true}
Element: [[ChromeDriver: chrome on linux (7a1a35f75e688dd767a36309339324e2)] -> id: subjectsInput]
Session ID: 7a1a35f75e688dd767a36309339324e2
	at SampleTestNGTest.registerUserOnDemoQa(SampleTestNGTest.java:56)
]]></failure>
    <system-err><![CDATA[Mar 11, 2024 12:50:55 PM org.openqa.selenium.devtools.CdpVersionFinder findNearestMatch
WARNING: Unable to find an exact match for CDP version 122, returning the closest version; found: 120; Please update to a Selenium version that supports CDP version 122
]]></system-err>
  </testcase>
  <testcase name="sampleMethod on sampleMethod(SampleTestNGTest)" classname="SampleTestNGTest" time="3.15"/>
  <testcase name="m2 on m2(SampleTestNGTest)" classname="SampleTestNGTest" time="0.001"/>
  <testcase name="openGoogleBrowser on openGoogleBrowser(SampleTestNGTest)" classname="SampleTestNGTest" time="1.662"/>
  <testcase name="m1 on m1(com.demoproject.AppTest)" classname="com.demoproject.AppTest" time="0"/>
  <testcase name="m2 on m2(com.demoproject.AppTest)" classname="com.demoproject.AppTest" time="0"/>
</testsuite>